2022-07-15 10:38:22,264 [INFO] Initialized logging. log_filename = unsw_nb15_prepared_3-way5-shot_T6n465q_E3n465q_V9n125q/run_log.log
2022-07-15 10:38:22,264 [INFO] Running script with following parameters
{'hdf_key': 'unsw_nb15',
 'k_shot': 5,
 'n_test': 3,
 'n_train': 6,
 'n_val': 9,
 'output_dir': 'unsw_nb15_prepared_3-way5-shot_T6n465q_E3n465q_V9n125q',
 'output_dir_prefix': 'unsw_nb15_prepared',
 'q_test': 465,
 'q_train': 465,
 'q_val': 125,
 'unsw_nb15_datasets_dir': 'UNSW-NB15 - CSV Files',
 'unsw_nb15_files_list': ['UNSW-NB15 - CSV Files/a part of training and '
                          'testing set/UNSW_NB15_testing-set.csv',
                          'UNSW-NB15 - CSV Files/a part of training and '
                          'testing set/UNSW_NB15_training-set.csv']}
2022-07-15 10:38:22,264 [INFO] Loading datasets
2022-07-15 10:38:22,265 [INFO] Loading datasets in files
2022-07-15 10:38:23,398 [INFO] None
2022-07-15 10:38:23,491 [INFO] Loading datasets complete
2022-07-15 10:38:23,778 [INFO] Total count = 257673
2022-07-15 10:38:23,778 [INFO] Label counts below
2022-07-15 10:38:23,779 [INFO] 
Normal            93000
Generic           58871
Exploits          44525
Fuzzers           24246
DoS               16353
Reconnaissance    13987
Analysis           2677
Backdoor           2329
Shellcode          1511
Worms               174
Name: Label, dtype: int64
2022-07-15 10:38:23,779 [INFO] Label percentages below
2022-07-15 10:38:23,779 [INFO] 
Normal           0.3609
Generic          0.2285
Exploits         0.1728
Fuzzers          0.0941
DoS              0.0635
Reconnaissance   0.0543
Analysis         0.0104
Backdoor         0.0090
Shellcode        0.0059
Worms            0.0007
Name: Label, dtype: float64
2022-07-15 10:38:24,827 [INFO] Train set :
DoS               470
Exploits          470
Fuzzers           470
Generic           470
Normal            470
Reconnaissance    470
Name: Label, dtype: int64
2022-07-15 10:38:24,828 [INFO] Test set :
Analysis     470
Backdoor     470
Shellcode    470
Name: Label, dtype: int64
2022-07-15 10:38:24,828 [INFO] Validation set :
DoS               130
Exploits          130
Fuzzers           130
Generic           130
Normal            130
Reconnaissance    130
Analysis          130
Backdoor          130
Shellcode         130
Name: Label, dtype: int64
2022-07-15 10:38:24,842 [INFO] Remaining df :
Normal            92400
Generic           58271
Exploits          43925
Fuzzers           23646
DoS               15753
Reconnaissance    13387
Analysis           2077
Backdoor           1729
Shellcode           911
Worms               174
Name: Label, dtype: int64
2022-07-15 10:38:24,842 [INFO] Saving prepared datasets (train, val, test) to: unsw_nb15_prepared_3-way5-shot_T6n465q_E3n465q_V9n125q
2022-07-15 10:38:24,842 [INFO] Writing dataset to HDF5 format. filename=unsw_nb15_prepared_3-way5-shot_T6n465q_E3n465q_V9n125q/x_meta_train.h5
2022-07-15 10:38:24,884 [INFO] Writing complete. time_to_write=0.04180741310119629
2022-07-15 10:38:24,884 [INFO] Writing dataset to HDF5 format. filename=unsw_nb15_prepared_3-way5-shot_T6n465q_E3n465q_V9n125q/y_meta_train.h5
2022-07-15 10:38:24,889 [INFO] Writing complete. time_to_write=0.00465083122253418
2022-07-15 10:38:24,889 [INFO] Writing dataset to HDF5 format. filename=unsw_nb15_prepared_3-way5-shot_T6n465q_E3n465q_V9n125q/x_meta_test.h5
2022-07-15 10:38:24,907 [INFO] Writing complete. time_to_write=0.018275976181030273
2022-07-15 10:38:24,907 [INFO] Writing dataset to HDF5 format. filename=unsw_nb15_prepared_3-way5-shot_T6n465q_E3n465q_V9n125q/y_meta_test.h5
2022-07-15 10:38:24,912 [INFO] Writing complete. time_to_write=0.004584312438964844
2022-07-15 10:38:24,912 [INFO] Writing dataset to HDF5 format. filename=unsw_nb15_prepared_3-way5-shot_T6n465q_E3n465q_V9n125q/x_meta_val.h5
2022-07-15 10:38:24,930 [INFO] Writing complete. time_to_write=0.01784992218017578
2022-07-15 10:38:24,930 [INFO] Writing dataset to HDF5 format. filename=unsw_nb15_prepared_3-way5-shot_T6n465q_E3n465q_V9n125q/y_meta_val.h5
2022-07-15 10:38:24,934 [INFO] Writing complete. time_to_write=0.003902435302734375
2022-07-15 10:38:24,934 [INFO] Writing dataset to HDF5 format. filename=unsw_nb15_prepared_3-way5-shot_T6n465q_E3n465q_V9n125q/remaining_df.h5
2022-07-15 10:38:26,308 [INFO] Writing complete. time_to_write=1.3739290237426758
2022-07-15 10:38:26,309 [INFO] Saving complete
2022-07-15 10:38:26,309 [INFO] Meta train dataset shape = (2820, 197)
2022-07-15 10:38:26,309 [INFO] Meta test dataset shape = (1410, 197)
2022-07-15 10:38:26,309 [INFO] Meta val dataset shape = (1170, 197)
2022-07-15 10:38:26,309 [INFO] 6 Labels used int meta train = 
DoS, Exploits, Fuzzers, Generic, Normal, Reconnaissance
2022-07-15 10:38:26,309 [INFO] 3 Labels used int meta test = 
Analysis, Backdoor, Shellcode
2022-07-15 10:38:26,310 [INFO] 9 Labels used int meta val = 
DoS, Exploits, Fuzzers, Generic, Normal, Reconnaissance, Analysis, Backdoor, Shellcode
2022-07-15 10:38:26,314 [INFO] Data preparation complete
